{"level":"info","message":"\n=== Gas Requirement Estimates ===","timestamp":"2025-03-18T16:38:43.759Z"}
{"level":"info","message":"Current wallet balance: 9999.999991238285053629 ETH","timestamp":"2025-03-18T16:38:43.764Z"}
{"level":"info","message":"No historical data available. Using conservative estimates:","timestamp":"2025-03-18T16:38:43.766Z"}
{"level":"info","message":"  Estimated gas per token: 100000","timestamp":"2025-03-18T16:38:43.766Z"}
{"level":"info","message":"  Current gas price: 1.000000007 gwei","timestamp":"2025-03-18T16:38:43.766Z"}
{"level":"info","message":"  Estimated gas for all 0 tokens: 0","timestamp":"2025-03-18T16:38:43.766Z"}
{"level":"info","message":"  Estimated ETH required: 0 ETH","timestamp":"2025-03-18T16:38:43.767Z"}
{"level":"info","message":"=== End of Gas Estimate ===\n","timestamp":"2025-03-18T16:38:43.767Z"}
{"level":"info","message":"Scheduled updates every 720 minutes","timestamp":"2025-03-18T16:38:43.792Z"}
2025-03-19 02:50:01 INFO: Successfully loaded token mappings
2025-03-19 02:50:01 INFO: Successfully loaded token mappings
2025-03-19 02:50:01 INFO: Successfully loaded token mappings
2025-03-19 02:50:01 INFO: Successfully loaded token mappings
2025-03-19 02:50:01 INFO: Successfully loaded token mappings
2025-03-19 02:53:15 INFO: Successfully loaded token mappings
2025-03-19 02:53:15 INFO: Successfully loaded token mappings
2025-03-19 02:53:15 INFO: Successfully loaded token mappings
2025-03-19 02:53:15 INFO: Successfully loaded token mappings
2025-03-19 02:53:15 INFO: Successfully loaded token mappings
2025-03-19 02:53:53 INFO: Successfully loaded token mappings
2025-03-19 02:53:53 INFO: Successfully loaded token mappings
2025-03-19 02:53:53 INFO: Successfully loaded token mappings
2025-03-19 02:53:53 INFO: Successfully loaded token mappings
2025-03-19 02:53:53 INFO: Successfully loaded token mappings
2025-03-19 02:54:14 INFO: Successfully loaded token mappings
2025-03-19 02:54:14 INFO: Successfully loaded token mappings
2025-03-19 02:54:14 INFO: Successfully loaded token mappings
2025-03-19 02:54:14 INFO: Successfully loaded token mappings
2025-03-19 02:54:14 INFO: Successfully loaded token mappings
{"level":"info","message":"Successfully loaded token mappings","timestamp":"2025-03-18T22:54:47.028Z"}
{"level":"info","message":"Successfully loaded token mappings","timestamp":"2025-03-18T22:54:47.033Z"}
{"level":"info","message":"Successfully loaded token mappings","timestamp":"2025-03-18T22:54:47.034Z"}
{"level":"info","message":"Successfully loaded token mappings","timestamp":"2025-03-18T22:54:47.031Z"}
{"level":"info","message":"Successfully loaded token mappings","timestamp":"2025-03-18T22:54:47.033Z"}
{"level":"info","message":"Successfully loaded token mappings","timestamp":"2025-03-18T22:55:36.270Z"}
{"level":"info","message":"Successfully loaded token mappings","timestamp":"2025-03-18T22:55:36.263Z"}
{"level":"info","message":"Successfully loaded token mappings","timestamp":"2025-03-18T22:55:36.263Z"}
{"level":"info","message":"Successfully loaded token mappings","timestamp":"2025-03-18T22:55:36.275Z"}
{"level":"info","message":"Successfully loaded token mappings","timestamp":"2025-03-18T22:55:36.264Z"}
